This is pdfTeX, Version 3.1415926-1.40.10 (MiKTeX 2.8) (preloaded format=pdflatex 2012.3.6)  13 MAR 2012 23:17
entering extended mode
**C:/Users/Prateek/Desktop/Latex/Y11UC171/4/algorithm1.tex
(C:/Users/Prateek/Desktop/Latex/Y11UC171/4/algorithm1.tex
LaTeX2e <2009/09/24>
Babel <v3.8l> and hyphenation patterns for english, dumylang, nohyphenation, ge
rman, ngerman, german-x-2009-06-19, ngerman-x-2009-06-19, french, loaded.
("C:\Program Files\MiKTeX 2.8\tex\latex\base\article.cls"
Document Class: article 2007/10/19 v1.4h Standard LaTeX document class
("C:\Program Files\MiKTeX 2.8\tex\latex\base\size10.clo"
File: size10.clo 2007/10/19 v1.4h Standard LaTeX file (size option)
)
\c@part=\count79
\c@section=\count80
\c@subsection=\count81
\c@subsubsection=\count82
\c@paragraph=\count83
\c@subparagraph=\count84
\c@figure=\count85
\c@table=\count86
\abovecaptionskip=\skip41
\belowcaptionskip=\skip42
\bibindent=\dimen102
)
(C:\Users\Prateek\Desktop\Latex\Y11UC171\4\algorithm1.aux)
LaTeX Font Info:    Checking defaults for OML/cmm/m/it on input line 2.
LaTeX Font Info:    ... okay on input line 2.
LaTeX Font Info:    Checking defaults for T1/cmr/m/n on input line 2.
LaTeX Font Info:    ... okay on input line 2.
LaTeX Font Info:    Checking defaults for OT1/cmr/m/n on input line 2.
LaTeX Font Info:    ... okay on input line 2.
LaTeX Font Info:    Checking defaults for OMS/cmsy/m/n on input line 2.
LaTeX Font Info:    ... okay on input line 2.
LaTeX Font Info:    Checking defaults for OMX/cmex/m/n on input line 2.
LaTeX Font Info:    ... okay on input line 2.
LaTeX Font Info:    Checking defaults for U/cmr/m/n on input line 2.
LaTeX Font Info:    ... okay on input line 2.
LaTeX Font Info:    External font `cmex10' loaded for size
(Font)              <14.4> on input line 10.
LaTeX Font Info:    External font `cmex10' loaded for size
(Font)              <7> on input line 10.
 [1

{C:/Users/Prateek/AppData/Local/MiKTeX/2.8/pdftex/config/pdftex.map}]
(C:\Users\Prateek\Desktop\Latex\Y11UC171\4\algorithm1.aux) ) 
Here is how much of TeX's memory you used:
 214 strings out of 495285
 2558 string characters out of 3180389
 48047 words of memory out of 3000000
 3495 multiletter control sequences out of 15000+200000
 5159 words of font info for 19 fonts, out of 3000000 for 9000
 14 hyphenation exceptions out of 8191
 23i,4n,17p,200b,123s stack positions out of 5000i,500n,10000p,200000b,50000s
<C:/Program Files/M
iKTeX 2.8/fonts/type1/public/amsfonts/cm/cmbx12.pfb><C:/Program Files/MiKTeX 2.
8/fonts/type1/public/amsfonts/cm/cmmi12.pfb><C:/Program Files/MiKTeX 2.8/fonts/
type1/public/amsfonts/cm/cmr10.pfb><C:/Program Files/MiKTeX 2.8/fonts/type1/pub
lic/amsfonts/cm/cmr12.pfb><C:/Program Files/MiKTeX 2.8/fonts/type1/public/amsfo
nts/cm/cmsy10.pfb>
Output written on algorithm1.pdf (1 page, 52497 bytes).
PDF statistics:
 26 PDF objects out of 1000 (max. 8388607)
 0 named destinations out of 1000 (max. 500000)
 1 words of extra memory for PDF output out of 10000 (max. 10000000)

